{
  "RSpec": {
    "coverage": {
      "/Users/Lauren/makers/Bank-Tech-Test-Ruby/lib/account.rb": [
        1,
        null,
        1,
        null,
        1,
        null,
        1,
        34,
        34,
        34,
        null,
        null,
        1,
        28,
        null,
        null,
        1,
        14,
        null,
        null,
        null,
        1,
        null,
        1,
        26,
        26,
        26,
        null,
        null,
        1,
        12,
        12,
        12,
        null,
        null,
        1,
        38,
        null,
        null,
        1,
        14,
        null,
        null,
        1,
        38,
        38,
        null,
        null,
        1,
        2,
        null,
        null,
        1,
        2,
        null,
        null,
        null
      ],
      "/Users/Lauren/makers/Bank-Tech-Test-Ruby/lib/transaction.rb": [
        1,
        null,
        1,
        null,
        1,
        null,
        1,
        38,
        38,
        38,
        null,
        null,
        1,
        null,
        1,
        38,
        null,
        null,
        null
      ],
      "/Users/Lauren/makers/Bank-Tech-Test-Ruby/lib/statement.rb": [
        1,
        null,
        1,
        null,
        1,
        null,
        1,
        4,
        null,
        null,
        1,
        2,
        2,
        null,
        null,
        null,
        1,
        null,
        1,
        2,
        null,
        null,
        1,
        2,
        6,
        null,
        null,
        null,
        1,
        6,
        6,
        6,
        6,
        null,
        null,
        null,
        1,
        6,
        6,
        null,
        null,
        1,
        6,
        6,
        null,
        null,
        1,
        6,
        null,
        null,
        1,
        18,
        null,
        null,
        null
      ]
    },
    "timestamp": 1488891343
  }
}
