{
  "RSpec": {
    "coverage": {
      "/Users/Lauren/makers/Bank-Tech-Test-Ruby/lib/account.rb": [
        1,
        1,
        null,
        1,
        null,
        1,
        null,
        1,
        17,
        17,
        null,
        null,
        1,
        14,
        14,
        14,
        null,
        null,
        1,
        8,
        null,
        null,
        1,
        2,
        null,
        null,
        1,
        null,
        1,
        7,
        7,
        7,
        null,
        null,
        1,
        21,
        null,
        null,
        1,
        8,
        null,
        null,
        1,
        21,
        21,
        null,
        null,
        1,
        1,
        null,
        null,
        null
      ],
      "/Users/Lauren/makers/Bank-Tech-Test-Ruby/lib/transaction.rb": [
        1,
        null,
        1,
        null,
        1,
        null,
        1,
        21,
        21,
        21,
        null,
        null,
        1,
        null,
        1,
        21,
        null,
        null,
        null
      ],
      "/Users/Lauren/makers/Bank-Tech-Test-Ruby/lib/statement.rb": [
        1,
        null,
        1,
        null,
        1,
        null,
        1,
        3,
        null,
        null,
        1,
        2,
        2,
        null,
        null,
        null,
        null,
        1,
        null,
        1,
        2,
        null,
        null,
        1,
        2,
        5,
        null,
        null,
        null,
        1,
        5,
        5,
        5,
        5,
        null,
        null,
        1,
        5,
        5,
        null,
        null,
        1,
        5,
        5,
        null,
        null,
        1,
        5,
        null,
        null,
        1,
        15,
        null,
        null,
        null
      ]
    },
    "timestamp": 1488820291
  }
}
